1769109227.010974 client started (1383049): version 3.6a, socket /tmp/tmux-1000/default, protocol 8
1769109227.010991 on Linux 6.18.6-arch1-1 #1 SMP PREEMPT_DYNAMIC Sun, 18 Jan 2026 00:34:07 +0000
1769109227.010999 using libevent 2.1.12-stable poll
1769109227.011002 using ncurses 6.5 20240427
1769109227.011013 flags are 0x18010000
1769109227.011022 socket is /tmp/tmux-1000/default
1769109227.011032 trying connect
1769109227.011053 add peer 0x55c14c833e30: 6 ((nil))
1769109227.011254 sending message 111 to peer 0x55c14c833e30 (8 bytes)
1769109227.011261 sending message 111 to peer 0x55c14c833e30 (8 bytes)
1769109227.011265 sending message 101 to peer 0x55c14c833e30 (14 bytes)
1769109227.011269 sending message 109 to peer 0x55c14c833e30 (4 bytes)
1769109227.011272 sending message 102 to peer 0x55c14c833e30 (11 bytes)
1769109227.011275 sending message 108 to peer 0x55c14c833e30 (34 bytes)
1769109227.011279 sending message 112 to peer 0x55c14c833e30 (70 bytes)
1769109227.011282 sending message 112 to peer 0x55c14c833e30 (5 bytes)
1769109227.011285 sending message 112 to peer 0x55c14c833e30 (5 bytes)
1769109227.011288 sending message 112 to peer 0x55c14c833e30 (6 bytes)
1769109227.011291 sending message 112 to peer 0x55c14c833e30 (6 bytes)
1769109227.011295 sending message 112 to peer 0x55c14c833e30 (11 bytes)
1769109227.011298 sending message 112 to peer 0x55c14c833e30 (10 bytes)
1769109227.011301 sending message 112 to peer 0x55c14c833e30 (13 bytes)
1769109227.011304 sending message 112 to peer 0x55c14c833e30 (14 bytes)
1769109227.011307 sending message 112 to peer 0x55c14c833e30 (9 bytes)
1769109227.011310 sending message 112 to peer 0x55c14c833e30 (21 bytes)
1769109227.011313 sending message 112 to peer 0x55c14c833e30 (19 bytes)
1769109227.011316 sending message 112 to peer 0x55c14c833e30 (11 bytes)
1769109227.011319 sending message 112 to peer 0x55c14c833e30 (21 bytes)
1769109227.011322 sending message 112 to peer 0x55c14c833e30 (13 bytes)
1769109227.011326 sending message 112 to peer 0x55c14c833e30 (7 bytes)
1769109227.011329 sending message 112 to peer 0x55c14c833e30 (13 bytes)
1769109227.011332 sending message 112 to peer 0x55c14c833e30 (7 bytes)
1769109227.011335 sending message 112 to peer 0x55c14c833e30 (13 bytes)
1769109227.011338 sending message 112 to peer 0x55c14c833e30 (9 bytes)
1769109227.011341 sending message 112 to peer 0x55c14c833e30 (21 bytes)
1769109227.011344 sending message 112 to peer 0x55c14c833e30 (13 bytes)
1769109227.011348 sending message 112 to peer 0x55c14c833e30 (9 bytes)
1769109227.011351 sending message 112 to peer 0x55c14c833e30 (16 bytes)
1769109227.011354 sending message 112 to peer 0x55c14c833e30 (13 bytes)
1769109227.011357 sending message 112 to peer 0x55c14c833e30 (9 bytes)
1769109227.011360 sending message 112 to peer 0x55c14c833e30 (9 bytes)
1769109227.011363 sending message 112 to peer 0x55c14c833e30 (12 bytes)
1769109227.011366 sending message 112 to peer 0x55c14c833e30 (8 bytes)
1769109227.011369 sending message 112 to peer 0x55c14c833e30 (12 bytes)
1769109227.011372 sending message 112 to peer 0x55c14c833e30 (8 bytes)
1769109227.011375 sending message 112 to peer 0x55c14c833e30 (13 bytes)
1769109227.011378 sending message 112 to peer 0x55c14c833e30 (7 bytes)
1769109227.011382 sending message 112 to peer 0x55c14c833e30 (7 bytes)
1769109227.011385 sending message 112 to peer 0x55c14c833e30 (9 bytes)
1769109227.011388 sending message 112 to peer 0x55c14c833e30 (12 bytes)
1769109227.011391 sending message 112 to peer 0x55c14c833e30 (6 bytes)
1769109227.011394 sending message 112 to peer 0x55c14c833e30 (9 bytes)
1769109227.011397 sending message 112 to peer 0x55c14c833e30 (15 bytes)
1769109227.011400 sending message 112 to peer 0x55c14c833e30 (13 bytes)
1769109227.011403 sending message 112 to peer 0x55c14c833e30 (9 bytes)
1769109227.011406 sending message 112 to peer 0x55c14c833e30 (12 bytes)
1769109227.011409 sending message 112 to peer 0x55c14c833e30 (8 bytes)
1769109227.011412 sending message 112 to peer 0x55c14c833e30 (14 bytes)
1769109227.011415 sending message 112 to peer 0x55c14c833e30 (11 bytes)
1769109227.011424 sending message 112 to peer 0x55c14c833e30 (9 bytes)
1769109227.011431 sending message 112 to peer 0x55c14c833e30 (10 bytes)
1769109227.011435 sending message 112 to peer 0x55c14c833e30 (10 bytes)
1769109227.011438 sending message 112 to peer 0x55c14c833e30 (10 bytes)
1769109227.011441 sending message 112 to peer 0x55c14c833e30 (10 bytes)
1769109227.011444 sending message 112 to peer 0x55c14c833e30 (11 bytes)
1769109227.011448 sending message 112 to peer 0x55c14c833e30 (12 bytes)
1769109227.011451 sending message 112 to peer 0x55c14c833e30 (12 bytes)
1769109227.011454 sending message 112 to peer 0x55c14c833e30 (12 bytes)
1769109227.011457 sending message 112 to peer 0x55c14c833e30 (12 bytes)
1769109227.011460 sending message 112 to peer 0x55c14c833e30 (12 bytes)
1769109227.011464 sending message 112 to peer 0x55c14c833e30 (11 bytes)
1769109227.011467 sending message 112 to peer 0x55c14c833e30 (11 bytes)
1769109227.011470 sending message 112 to peer 0x55c14c833e30 (12 bytes)
1769109227.011473 sending message 112 to peer 0x55c14c833e30 (12 bytes)
1769109227.011476 sending message 112 to peer 0x55c14c833e30 (12 bytes)
1769109227.011479 sending message 112 to peer 0x55c14c833e30 (12 bytes)
1769109227.011482 sending message 112 to peer 0x55c14c833e30 (12 bytes)
1769109227.011486 sending message 112 to peer 0x55c14c833e30 (9 bytes)
1769109227.011489 sending message 112 to peer 0x55c14c833e30 (12 bytes)
1769109227.011492 sending message 112 to peer 0x55c14c833e30 (13 bytes)
1769109227.011495 sending message 112 to peer 0x55c14c833e30 (13 bytes)
1769109227.011498 sending message 112 to peer 0x55c14c833e30 (13 bytes)
1769109227.011501 sending message 112 to peer 0x55c14c833e30 (13 bytes)
1769109227.011505 sending message 112 to peer 0x55c14c833e30 (13 bytes)
1769109227.011508 sending message 112 to peer 0x55c14c833e30 (8 bytes)
1769109227.011511 sending message 112 to peer 0x55c14c833e30 (11 bytes)
1769109227.011514 sending message 112 to peer 0x55c14c833e30 (11 bytes)
1769109227.011517 sending message 112 to peer 0x55c14c833e30 (11 bytes)
1769109227.011521 sending message 112 to peer 0x55c14c833e30 (12 bytes)
1769109227.011524 sending message 112 to peer 0x55c14c833e30 (12 bytes)
1769109227.011527 sending message 112 to peer 0x55c14c833e30 (12 bytes)
1769109227.011530 sending message 112 to peer 0x55c14c833e30 (12 bytes)
1769109227.011534 sending message 112 to peer 0x55c14c833e30 (13 bytes)
1769109227.011537 sending message 112 to peer 0x55c14c833e30 (13 bytes)
1769109227.011540 sending message 112 to peer 0x55c14c833e30 (13 bytes)
1769109227.011543 sending message 112 to peer 0x55c14c833e30 (8 bytes)
1769109227.011546 sending message 112 to peer 0x55c14c833e30 (13 bytes)
1769109227.011550 sending message 112 to peer 0x55c14c833e30 (13 bytes)
1769109227.011553 sending message 112 to peer 0x55c14c833e30 (13 bytes)
1769109227.011556 sending message 112 to peer 0x55c14c833e30 (13 bytes)
1769109227.011559 sending message 112 to peer 0x55c14c833e30 (13 bytes)
1769109227.011562 sending message 112 to peer 0x55c14c833e30 (12 bytes)
1769109227.011566 sending message 112 to peer 0x55c14c833e30 (12 bytes)
1769109227.011569 sending message 112 to peer 0x55c14c833e30 (12 bytes)
1769109227.011572 sending message 112 to peer 0x55c14c833e30 (12 bytes)
1769109227.011575 sending message 112 to peer 0x55c14c833e30 (13 bytes)
1769109227.011578 sending message 112 to peer 0x55c14c833e30 (8 bytes)
1769109227.011581 sending message 112 to peer 0x55c14c833e30 (13 bytes)
1769109227.011584 sending message 112 to peer 0x55c14c833e30 (13 bytes)
1769109227.011588 sending message 112 to peer 0x55c14c833e30 (13 bytes)
1769109227.011591 sending message 112 to peer 0x55c14c833e30 (13 bytes)
1769109227.011594 sending message 112 to peer 0x55c14c833e30 (13 bytes)
1769109227.011597 sending message 112 to peer 0x55c14c833e30 (13 bytes)
1769109227.011600 sending message 112 to peer 0x55c14c833e30 (13 bytes)
1769109227.011603 sending message 112 to peer 0x55c14c833e30 (12 bytes)
1769109227.011607 sending message 112 to peer 0x55c14c833e30 (12 bytes)
1769109227.011612 sending message 112 to peer 0x55c14c833e30 (12 bytes)
1769109227.011617 sending message 112 to peer 0x55c14c833e30 (8 bytes)
1769109227.011620 sending message 112 to peer 0x55c14c833e30 (12 bytes)
1769109227.011623 sending message 112 to peer 0x55c14c833e30 (13 bytes)
1769109227.011627 sending message 112 to peer 0x55c14c833e30 (13 bytes)
1769109227.011630 sending message 112 to peer 0x55c14c833e30 (13 bytes)
1769109227.011633 sending message 112 to peer 0x55c14c833e30 (13 bytes)
1769109227.011636 sending message 112 to peer 0x55c14c833e30 (13 bytes)
1769109227.011639 sending message 112 to peer 0x55c14c833e30 (13 bytes)
1769109227.011642 sending message 112 to peer 0x55c14c833e30 (13 bytes)
1769109227.011645 sending message 112 to peer 0x55c14c833e30 (13 bytes)
1769109227.011649 sending message 112 to peer 0x55c14c833e30 (12 bytes)
1769109227.011652 sending message 112 to peer 0x55c14c833e30 (10 bytes)
1769109227.011655 sending message 112 to peer 0x55c14c833e30 (12 bytes)
1769109227.011658 sending message 112 to peer 0x55c14c833e30 (12 bytes)
1769109227.011661 sending message 112 to peer 0x55c14c833e30 (12 bytes)
1769109227.011664 sending message 112 to peer 0x55c14c833e30 (13 bytes)
1769109227.011667 sending message 112 to peer 0x55c14c833e30 (13 bytes)
1769109227.011670 sending message 112 to peer 0x55c14c833e30 (13 bytes)
1769109227.011674 sending message 112 to peer 0x55c14c833e30 (13 bytes)
1769109227.011677 sending message 112 to peer 0x55c14c833e30 (13 bytes)
1769109227.011680 sending message 112 to peer 0x55c14c833e30 (13 bytes)
1769109227.011683 sending message 112 to peer 0x55c14c833e30 (13 bytes)
1769109227.011686 sending message 112 to peer 0x55c14c833e30 (10 bytes)
1769109227.011689 sending message 112 to peer 0x55c14c833e30 (13 bytes)
1769109227.011692 sending message 112 to peer 0x55c14c833e30 (12 bytes)
1769109227.011695 sending message 112 to peer 0x55c14c833e30 (12 bytes)
1769109227.011699 sending message 112 to peer 0x55c14c833e30 (12 bytes)
1769109227.011702 sending message 112 to peer 0x55c14c833e30 (10 bytes)
1769109227.011705 sending message 112 to peer 0x55c14c833e30 (10 bytes)
1769109227.011708 sending message 112 to peer 0x55c14c833e30 (10 bytes)
1769109227.011711 sending message 112 to peer 0x55c14c833e30 (12 bytes)
1769109227.011714 sending message 112 to peer 0x55c14c833e30 (13 bytes)
1769109227.011717 sending message 112 to peer 0x55c14c833e30 (13 bytes)
1769109227.011720 sending message 112 to peer 0x55c14c833e30 (13 bytes)
1769109227.011724 sending message 112 to peer 0x55c14c833e30 (13 bytes)
1769109227.011727 sending message 112 to peer 0x55c14c833e30 (13 bytes)
1769109227.011730 sending message 112 to peer 0x55c14c833e30 (10 bytes)
1769109227.011733 sending message 112 to peer 0x55c14c833e30 (11 bytes)
1769109227.011736 sending message 112 to peer 0x55c14c833e30 (12 bytes)
1769109227.011739 sending message 112 to peer 0x55c14c833e30 (12 bytes)
1769109227.011742 sending message 112 to peer 0x55c14c833e30 (12 bytes)
1769109227.011745 sending message 112 to peer 0x55c14c833e30 (12 bytes)
1769109227.011749 sending message 112 to peer 0x55c14c833e30 (12 bytes)
1769109227.011752 sending message 112 to peer 0x55c14c833e30 (11 bytes)
1769109227.011755 sending message 112 to peer 0x55c14c833e30 (12 bytes)
1769109227.011758 sending message 112 to peer 0x55c14c833e30 (12 bytes)
1769109227.011761 sending message 112 to peer 0x55c14c833e30 (13 bytes)
1769109227.011764 sending message 112 to peer 0x55c14c833e30 (13 bytes)
1769109227.011767 sending message 112 to peer 0x55c14c833e30 (13 bytes)
1769109227.011771 sending message 112 to peer 0x55c14c833e30 (13 bytes)
1769109227.011774 sending message 112 to peer 0x55c14c833e30 (13 bytes)
1769109227.011777 sending message 112 to peer 0x55c14c833e30 (10 bytes)
1769109227.011780 sending message 112 to peer 0x55c14c833e30 (9 bytes)
1769109227.011783 sending message 112 to peer 0x55c14c833e30 (12 bytes)
1769109227.011786 sending message 112 to peer 0x55c14c833e30 (13 bytes)
1769109227.011789 sending message 112 to peer 0x55c14c833e30 (13 bytes)
1769109227.011795 sending message 112 to peer 0x55c14c833e30 (13 bytes)
1769109227.011799 sending message 112 to peer 0x55c14c833e30 (13 bytes)
1769109227.011802 sending message 112 to peer 0x55c14c833e30 (13 bytes)
1769109227.011805 sending message 112 to peer 0x55c14c833e30 (9 bytes)
1769109227.011808 sending message 112 to peer 0x55c14c833e30 (12 bytes)
1769109227.011812 sending message 112 to peer 0x55c14c833e30 (13 bytes)
1769109227.011815 sending message 112 to peer 0x55c14c833e30 (13 bytes)
1769109227.011818 sending message 112 to peer 0x55c14c833e30 (13 bytes)
1769109227.011821 sending message 112 to peer 0x55c14c833e30 (13 bytes)
1769109227.011824 sending message 112 to peer 0x55c14c833e30 (13 bytes)
1769109227.011827 sending message 112 to peer 0x55c14c833e30 (11 bytes)
1769109227.011830 sending message 112 to peer 0x55c14c833e30 (12 bytes)
1769109227.011834 sending message 112 to peer 0x55c14c833e30 (13 bytes)
1769109227.011837 sending message 112 to peer 0x55c14c833e30 (13 bytes)
1769109227.011840 sending message 112 to peer 0x55c14c833e30 (13 bytes)
1769109227.011843 sending message 112 to peer 0x55c14c833e30 (13 bytes)
1769109227.011853 sending message 112 to peer 0x55c14c833e30 (13 bytes)
1769109227.011857 sending message 112 to peer 0x55c14c833e30 (11 bytes)
1769109227.011860 sending message 112 to peer 0x55c14c833e30 (12 bytes)
1769109227.011863 sending message 112 to peer 0x55c14c833e30 (12 bytes)
1769109227.011866 sending message 112 to peer 0x55c14c833e30 (12 bytes)
1769109227.011869 sending message 112 to peer 0x55c14c833e30 (12 bytes)
1769109227.011873 sending message 112 to peer 0x55c14c833e30 (12 bytes)
1769109227.011876 sending message 112 to peer 0x55c14c833e30 (21 bytes)
1769109227.011879 sending message 112 to peer 0x55c14c833e30 (12 bytes)
1769109227.011882 sending message 112 to peer 0x55c14c833e30 (9 bytes)
1769109227.011885 sending message 112 to peer 0x55c14c833e30 (6 bytes)
1769109227.011889 sending message 112 to peer 0x55c14c833e30 (13 bytes)
1769109227.011892 sending message 112 to peer 0x55c14c833e30 (10 bytes)
1769109227.011895 sending message 112 to peer 0x55c14c833e30 (15 bytes)
1769109227.011898 sending message 112 to peer 0x55c14c833e30 (13 bytes)
1769109227.011901 sending message 112 to peer 0x55c14c833e30 (9 bytes)
1769109227.011904 sending message 112 to peer 0x55c14c833e30 (70 bytes)
1769109227.011908 sending message 112 to peer 0x55c14c833e30 (69 bytes)
1769109227.011911 sending message 112 to peer 0x55c14c833e30 (34 bytes)
1769109227.011914 sending message 112 to peer 0x55c14c833e30 (34 bytes)
1769109227.011918 sending message 112 to peer 0x55c14c833e30 (70 bytes)
1769109227.011921 sending message 112 to peer 0x55c14c833e30 (12 bytes)
1769109227.011924 sending message 112 to peer 0x55c14c833e30 (10 bytes)
1769109227.011927 sending message 112 to peer 0x55c14c833e30 (10 bytes)
1769109227.011931 sending message 112 to peer 0x55c14c833e30 (15 bytes)
1769109227.011934 sending message 112 to peer 0x55c14c833e30 (13 bytes)
1769109227.011937 sending message 112 to peer 0x55c14c833e30 (10 bytes)
1769109227.011940 sending message 112 to peer 0x55c14c833e30 (10 bytes)
1769109227.011943 sending message 112 to peer 0x55c14c833e30 (17 bytes)
1769109227.011946 sending message 112 to peer 0x55c14c833e30 (10 bytes)
1769109227.011950 sending message 112 to peer 0x55c14c833e30 (13 bytes)
1769109227.011953 sending message 112 to peer 0x55c14c833e30 (32 bytes)
1769109227.011956 sending message 112 to peer 0x55c14c833e30 (5 bytes)
1769109227.011959 sending message 112 to peer 0x55c14c833e30 (9 bytes)
1769109227.011962 sending message 112 to peer 0x55c14c833e30 (15 bytes)
1769109227.011965 sending message 112 to peer 0x55c14c833e30 (5 bytes)
1769109227.011969 sending message 104 to peer 0x55c14c833e30 (0 bytes)
1769109227.011973 sending message 110 to peer 0x55c14c833e30 (0 bytes)
1769109227.011976 sending message 107 to peer 0x55c14c833e30 (4 bytes)
1769109227.011980 sending message 105 to peer 0x55c14c833e30 (17 bytes)
1769109227.011983 sending message 105 to peer 0x55c14c833e30 (29 bytes)
1769109227.011988 sending message 105 to peer 0x55c14c833e30 (31 bytes)
1769109227.011993 sending message 105 to peer 0x55c14c833e30 (38 bytes)
1769109227.011996 sending message 105 to peer 0x55c14c833e30 (142 bytes)
1769109227.011999 sending message 105 to peer 0x55c14c833e30 (11 bytes)
1769109227.012003 sending message 105 to peer 0x55c14c833e30 (41 bytes)
1769109227.012006 sending message 105 to peer 0x55c14c833e30 (19 bytes)
1769109227.012009 sending message 105 to peer 0x55c14c833e30 (25 bytes)
1769109227.012012 sending message 105 to peer 0x55c14c833e30 (29 bytes)
1769109227.012016 sending message 105 to peer 0x55c14c833e30 (18 bytes)
1769109227.012019 sending message 105 to peer 0x55c14c833e30 (121 bytes)
1769109227.012022 sending message 105 to peer 0x55c14c833e30 (15 bytes)
1769109227.012025 sending message 105 to peer 0x55c14c833e30 (21 bytes)
1769109227.012028 sending message 105 to peer 0x55c14c833e30 (41 bytes)
1769109227.012031 sending message 105 to peer 0x55c14c833e30 (26 bytes)
1769109227.012034 sending message 105 to peer 0x55c14c833e30 (29 bytes)
1769109227.012038 sending message 105 to peer 0x55c14c833e30 (19 bytes)
1769109227.012041 sending message 105 to peer 0x55c14c833e30 (20 bytes)
1769109227.012044 sending message 105 to peer 0x55c14c833e30 (27 bytes)
1769109227.012047 sending message 105 to peer 0x55c14c833e30 (12 bytes)
1769109227.012050 sending message 105 to peer 0x55c14c833e30 (22 bytes)
1769109227.012053 sending message 105 to peer 0x55c14c833e30 (20 bytes)
1769109227.012057 sending message 105 to peer 0x55c14c833e30 (213 bytes)
1769109227.012060 sending message 105 to peer 0x55c14c833e30 (54 bytes)
1769109227.012063 sending message 105 to peer 0x55c14c833e30 (51 bytes)
1769109227.012066 sending message 105 to peer 0x55c14c833e30 (8 bytes)
1769109227.012070 sending message 105 to peer 0x55c14c833e30 (33 bytes)
1769109227.012073 sending message 105 to peer 0x55c14c833e30 (29 bytes)
1769109227.012076 sending message 105 to peer 0x55c14c833e30 (90 bytes)
1769109227.012079 sending message 105 to peer 0x55c14c833e30 (15 bytes)
1769109227.012082 sending message 106 to peer 0x55c14c833e30 (0 bytes)
1769109227.012125 sending message 200 to peer 0x55c14c833e30 (4 bytes)
1769109227.012129 client loop enter
1769109227.013994 peer 0x55c14c833e30 message 207
1769109227.014007 sending message 208 to peer 0x55c14c833e30 (0 bytes)
1769109229.097752 peer 0x55c14c833e30 message 203
1769109229.097768 sending message 205 to peer 0x55c14c833e30 (0 bytes)
1769109229.097920 peer 0x55c14c833e30 message 204
1769109229.097929 client loop exit
